Build started 2015-05-04 15:38:41.
     1>Project "C:\Users\Joel\Documents\GitHub\WalkOfLife\WalkOfLife\WalkOfLife.vcxproj" on node 2 (Build target(s)).
     1>ClCompile:
         C:\Program Files (x86)\Microsoft Visual Studio 12.0\VC\bin\x86_amd64\CL.exe /c /Zi /nologo /W3 /WX- /sdl /Od /D _UNICODE /D UNICODE /Gm /EHsc /RTC1 /MDd /GS /fp:precise /Zc:wchar_t /Zc:forScope /Fo"x64\Debug\\" /Fd"x64\Debug\vc120.pdb" /Gd /TP /errorReport:prompt Obj.cpp
         Obj.cpp
     1>Obj.cpp(169): warning C4305: 'argument' : truncation from 'double' to 'float'
     1>Obj.cpp(177): warning C4267: '=' : conversion from 'size_t' to 'UINT', possible loss of data
     1>Obj.cpp(185): warning C4267: '=' : conversion from 'size_t' to 'UINT', possible loss of data
     1>Obj.cpp(234): warning C4056: overflow in floating-point constant arithmetic
     1>c:\users\joel\documents\github\walkoflife\walkoflife\obj.cpp(233): warning C4756: overflow in constant arithmetic
     1>c:\users\joel\documents\github\walkoflife\walkoflife\obj.cpp(233): warning C4756: overflow in constant arithmetic
     1>c:\users\joel\documents\github\walkoflife\walkoflife\obj.cpp(233): warning C4756: overflow in constant arithmetic
     1>c:\users\joel\documents\github\walkoflife\walkoflife\obj.cpp(234): warning C4756: overflow in constant arithmetic
     1>c:\users\joel\documents\github\walkoflife\walkoflife\obj.cpp(234): warning C4756: overflow in constant arithmetic
     1>c:\users\joel\documents\github\walkoflife\walkoflife\obj.cpp(234): warning C4756: overflow in constant arithmetic
     1>c:\users\joel\documents\github\walkoflife\walkoflife\obj.cpp(233): warning C4756: overflow in constant arithmetic
     1>c:\users\joel\documents\github\walkoflife\walkoflife\obj.cpp(234): warning C4756: overflow in constant arithmetic
       Link:
         C:\Program Files (x86)\Microsoft Visual Studio 12.0\VC\bin\x86_amd64\link.exe /ERRORREPORT:PROMPT /OUT:"C:\Users\Joel\Documents\GitHub\WalkOfLife\x64\Debug\WalkOfLife.exe" /INCREMENTAL /NOLOGO kernel32.lib user32.lib gdi32.lib winspool.lib comdlg32.lib advapi32.lib shell32.lib ole32.lib oleaut32.lib uuid.lib odbc32.lib odbccp32.lib /MANIFEST /MANIFESTUAC:"level='asInvoker' uiAccess='false'" /manifest:embed /DEBUG /PDB:"C:\Users\Joel\Documents\GitHub\WalkOfLife\x64\Debug\WalkOfLife.pdb" /TLBID:1 /DYNAMICBASE /NXCOMPAT /IMPLIB:"C:\Users\Joel\Documents\GitHub\WalkOfLife\x64\Debug\WalkOfLife.lib" /MACHINE:X64 x64\Debug\Collision.obj
         x64\Debug\GameTimer.obj
         x64\Debug\Input.obj
         x64\Debug\Obj.obj
         x64\Debug\Physics.obj
         x64\Debug\PlayerObject.obj
         x64\Debug\RenderEngine.obj
         x64\Debug\Counters.obj
         x64\Debug\WinMain.obj
         "C:\Users\Joel\Documents\GitHub\WalkOfLife\WalkOfLife\Extra DirectXLibs\Bin\Desktop_2013\x64\Debug\DirectXTK.lib"
         WalkOfLife.vcxproj -> C:\Users\Joel\Documents\GitHub\WalkOfLife\x64\Debug\WalkOfLife.exe
     1>Done Building Project "C:\Users\Joel\Documents\GitHub\WalkOfLife\WalkOfLife\WalkOfLife.vcxproj" (Build target(s)).

Build succeeded.

Time Elapsed 00:00:02.26
