c:\users\joel\desktop\walkoflife\walkoflife\x64\debug\vc120.pdb
c:\users\joel\desktop\walkoflife\walkoflife\x64\debug\vc120.idb
c:\users\joel\desktop\walkoflife\walkoflife\x64\debug\gametimer.obj
c:\users\joel\desktop\walkoflife\walkoflife\x64\debug\obj.obj
c:\users\joel\desktop\walkoflife\walkoflife\x64\debug\renderenginge.obj
c:\users\joel\desktop\walkoflife\walkoflife\x64\debug\counters.obj
c:\users\joel\desktop\walkoflife\walkoflife\x64\debug\winmain.obj
c:\users\joel\desktop\walkoflife\walkoflife\x64\debug\input.obj
c:\users\joel\desktop\walkoflife\walkoflife\x64\debug\playerobject.obj
c:\users\joel\desktop\walkoflife\walkoflife\x64\debug\renderengine.obj
c:\users\joel\desktop\walkoflife\x64\debug\walkoflife.ilk
c:\users\joel\desktop\walkoflife\x64\debug\walkoflife.exe
c:\users\joel\desktop\walkoflife\x64\debug\walkoflife.pdb
c:\users\joel\desktop\walkoflife\x64\debug\defaultvs.cso
c:\users\joel\desktop\walkoflife\x64\debug\defaultps.cso
c:\users\joel\desktop\walkoflife\walkoflife\x64\debug\walkoflife.vcxprojresolveassemblyreference.cache
c:\users\joel\desktop\walkoflife\walkoflife\x64\debug\walkoflife.tlog\cl.command.1.tlog
c:\users\joel\desktop\walkoflife\walkoflife\x64\debug\walkoflife.tlog\cl.read.1.tlog
c:\users\joel\desktop\walkoflife\walkoflife\x64\debug\walkoflife.tlog\cl.write.1.tlog
c:\users\joel\desktop\walkoflife\walkoflife\x64\debug\walkoflife.tlog\link-cvtres.read.1.tlog
c:\users\joel\desktop\walkoflife\walkoflife\x64\debug\walkoflife.tlog\link-cvtres.write.1.tlog
c:\users\joel\desktop\walkoflife\walkoflife\x64\debug\walkoflife.tlog\link-rc.read.1.tlog
c:\users\joel\desktop\walkoflife\walkoflife\x64\debug\walkoflife.tlog\link-rc.write.1.tlog
c:\users\joel\desktop\walkoflife\walkoflife\x64\debug\walkoflife.tlog\link.6524-cvtres.read.1.tlog
c:\users\joel\desktop\walkoflife\walkoflife\x64\debug\walkoflife.tlog\link.6524-cvtres.write.1.tlog
c:\users\joel\desktop\walkoflife\walkoflife\x64\debug\walkoflife.tlog\link.6524-rc.read.1.tlog
c:\users\joel\desktop\walkoflife\walkoflife\x64\debug\walkoflife.tlog\link.6524-rc.write.1.tlog
c:\users\joel\desktop\walkoflife\walkoflife\x64\debug\walkoflife.tlog\link.6524.read.1.tlog
c:\users\joel\desktop\walkoflife\walkoflife\x64\debug\walkoflife.tlog\link.6524.write.1.tlog
c:\users\joel\desktop\walkoflife\walkoflife\x64\debug\walkoflife.tlog\link.command.1.tlog
c:\users\joel\desktop\walkoflife\walkoflife\x64\debug\walkoflife.tlog\link.read.1.tlog
c:\users\joel\desktop\walkoflife\walkoflife\x64\debug\walkoflife.tlog\link.write.1.tlog
c:\users\joel\desktop\walkoflife\walkoflife\x64\debug\walkoflife.tlog\walkoflife.write.1u.tlog
