d:\skapa\-gameprojects\litet spelprojekt bth\engine\walkoflife\walkoflife\x64\debug\walkoflife\vc120.pdb
d:\skapa\-gameprojects\litet spelprojekt bth\engine\walkoflife\walkoflife\x64\debug\walkoflife\vc120.idb
d:\skapa\-gameprojects\litet spelprojekt bth\engine\walkoflife\walkoflife\x64\debug\walkoflife\gametimer.obj
d:\skapa\-gameprojects\litet spelprojekt bth\engine\walkoflife\walkoflife\x64\debug\walkoflife\input.obj
d:\skapa\-gameprojects\litet spelprojekt bth\engine\walkoflife\walkoflife\x64\debug\walkoflife\light.obj
d:\skapa\-gameprojects\litet spelprojekt bth\engine\walkoflife\walkoflife\x64\debug\walkoflife\obj.obj
d:\skapa\-gameprojects\litet spelprojekt bth\engine\walkoflife\walkoflife\x64\debug\walkoflife\physics.obj
d:\skapa\-gameprojects\litet spelprojekt bth\engine\walkoflife\walkoflife\x64\debug\walkoflife\playerobject.obj
d:\skapa\-gameprojects\litet spelprojekt bth\engine\walkoflife\walkoflife\x64\debug\walkoflife\renderengine.obj
d:\skapa\-gameprojects\litet spelprojekt bth\engine\walkoflife\walkoflife\x64\debug\walkoflife\counters.obj
d:\skapa\-gameprojects\litet spelprojekt bth\engine\walkoflife\walkoflife\x64\debug\walkoflife\winmain.obj
d:\skapa\-gameprojects\litet spelprojekt bth\engine\walkoflife\x64\debug\lightcomputations.cso
d:\skapa\-gameprojects\litet spelprojekt bth\engine\walkoflife\x64\debug\walkoflife.ilk
d:\skapa\-gameprojects\litet spelprojekt bth\engine\walkoflife\x64\debug\walkoflife.exe
d:\skapa\-gameprojects\litet spelprojekt bth\engine\walkoflife\x64\debug\walkoflife.pdb
d:\skapa\-gameprojects\litet spelprojekt bth\engine\walkoflife\x64\debug\defaultvs.cso
d:\skapa\-gameprojects\litet spelprojekt bth\engine\walkoflife\x64\debug\defaultps.cso
d:\skapa\-gameprojects\litet spelprojekt bth\engine\walkoflife\walkoflife\x64\debug\walkoflife\walkoflife.tlog\cl.command.1.tlog
d:\skapa\-gameprojects\litet spelprojekt bth\engine\walkoflife\walkoflife\x64\debug\walkoflife\walkoflife.tlog\cl.read.1.tlog
d:\skapa\-gameprojects\litet spelprojekt bth\engine\walkoflife\walkoflife\x64\debug\walkoflife\walkoflife.tlog\cl.write.1.tlog
d:\skapa\-gameprojects\litet spelprojekt bth\engine\walkoflife\walkoflife\x64\debug\walkoflife\walkoflife.tlog\fxc.command.1.tlog
d:\skapa\-gameprojects\litet spelprojekt bth\engine\walkoflife\walkoflife\x64\debug\walkoflife\walkoflife.tlog\fxc.read.1.tlog
d:\skapa\-gameprojects\litet spelprojekt bth\engine\walkoflife\walkoflife\x64\debug\walkoflife\walkoflife.tlog\fxc.write.1.tlog
d:\skapa\-gameprojects\litet spelprojekt bth\engine\walkoflife\walkoflife\x64\debug\walkoflife\walkoflife.tlog\link.command.1.tlog
d:\skapa\-gameprojects\litet spelprojekt bth\engine\walkoflife\walkoflife\x64\debug\walkoflife\walkoflife.tlog\link.read.1.tlog
d:\skapa\-gameprojects\litet spelprojekt bth\engine\walkoflife\walkoflife\x64\debug\walkoflife\walkoflife.tlog\link.write.1.tlog
d:\skapa\-gameprojects\litet spelprojekt bth\engine\walkoflife\walkoflife\x64\debug\walkoflife\walkoflife.tlog\walkoflife.write.1u.tlog
