Build started 2015-05-07 18:57:08.
     1>Project "D:\SKAPA\-GameProjects\Litet Spelprojekt BTH\Engine\Git\WalkOfLife\WalkOfLife\WalkOfLife.vcxproj" on node 2 (Build target(s)).
     1>FxCompile:
         C:\Program Files (x86)\Windows Kits\8.1\bin\x86\fxc.exe /nologo /E"main" /T fx_5_0 /Fo "D:\SKAPA\-GameProjects\Litet Spelprojekt BTH\Engine\Git\WalkOfLife\x64\Debug\LightComputations.cso" /Od /Zi LightComputations.fx 
     1>FXC : warning X4717: Effects deprecated for D3DCompiler_47
     1>D:\SKAPA\-GameProjects\Litet Spelprojekt BTH\Engine\Git\WalkOfLife\WalkOfLife\LightComputations.fx(63,20-28): warning X3206: 'dot': implicit truncation of vector type
     1>D:\SKAPA\-GameProjects\Litet Spelprojekt BTH\Engine\Git\WalkOfLife\WalkOfLife\LightComputations.fx(70,23-36): warning X3206: 'reflect': implicit truncation of vector type
     1>D:\SKAPA\-GameProjects\Litet Spelprojekt BTH\Engine\Git\WalkOfLife\WalkOfLife\LightComputations.fx(71,23-31): warning X3206: 'dot': implicit truncation of vector type
     1>D:\SKAPA\-GameProjects\Litet Spelprojekt BTH\Engine\Git\WalkOfLife\WalkOfLife\LightComputations.fx(75,23-31): warning X3206: 'dot': implicit truncation of vector type
         
         compilation object save succeeded; see D:\SKAPA\-GameProjects\Litet Spelprojekt BTH\Engine\Git\WalkOfLife\x64\Debug\LightComputations.cso
       ClCompile:
         C:\Program Files (x86)\Microsoft Visual Studio 12.0\VC\bin\x86_amd64\CL.exe /c /Zi /nologo /W3 /WX- /sdl /Od /D _UNICODE /D UNICODE /Gm /EHsc /RTC1 /MDd /GS /fp:precise /Zc:wchar_t /Zc:forScope /Fo"x64\Debug\WalkOfLife\\" /Fd"x64\Debug\WalkOfLife\vc120.pdb" /Gd /TP /errorReport:prompt BinaryTree.cpp Camera.cpp Collision.cpp GameTimer.cpp Input.cpp Light.cpp Obj.cpp Physics.cpp PlayerObject.cpp Quadtree.cpp RenderEngine.cpp Counters.cpp WinMain.cpp
         WinMain.cpp
     1>d:\skapa\-gameprojects\litet spelprojekt bth\engine\git\walkoflife\walkoflife\GameObject.h(83): warning C4305: 'argument' : truncation from 'double' to 'float'
     1>d:\skapa\-gameprojects\litet spelprojekt bth\engine\git\walkoflife\walkoflife\CollisionObject.h(71): warning C4267: '=' : conversion from 'size_t' to 'UINT', possible loss of data
     1>d:\skapa\-gameprojects\litet spelprojekt bth\engine\git\walkoflife\walkoflife\PlayerObject.h(73): warning C4305: '=' : truncation from 'double' to 'float'
         C:\Program Files (x86)\Windows Kits\8.1\Include\um\dinput.h: DIRECTINPUT_VERSION undefined. Defaulting to version 0x0800
         Counters.cpp
         RenderEngine.cpp
     1>d:\skapa\-gameprojects\litet spelprojekt bth\engine\git\walkoflife\walkoflife\GameObject.h(83): warning C4305: 'argument' : truncation from 'double' to 'float'
     1>d:\skapa\-gameprojects\litet spelprojekt bth\engine\git\walkoflife\walkoflife\CollisionObject.h(71): warning C4267: '=' : conversion from 'size_t' to 'UINT', possible loss of data
     1>d:\skapa\-gameprojects\litet spelprojekt bth\engine\git\walkoflife\walkoflife\PlayerObject.h(73): warning C4305: '=' : truncation from 'double' to 'float'
         C:\Program Files (x86)\Windows Kits\8.1\Include\um\dinput.h: DIRECTINPUT_VERSION undefined. Defaulting to version 0x0800
     1>RenderEngine.cpp(29): warning C4244: '=' : conversion from 'float' to 'UINT', possible loss of data
     1>RenderEngine.cpp(30): warning C4244: '=' : conversion from 'float' to 'UINT', possible loss of data
     1>RenderEngine.cpp(183): warning C4244: '=' : conversion from 'UINT' to 'FLOAT', possible loss of data
     1>RenderEngine.cpp(184): warning C4244: '=' : conversion from 'UINT' to 'FLOAT', possible loss of data
     1>RenderEngine.cpp(209): warning C4244: '=' : conversion from 'float' to 'UINT', possible loss of data
     1>RenderEngine.cpp(545): warning C4305: '+=' : truncation from 'double' to 'float'
         Quadtree.cpp
     1>d:\skapa\-gameprojects\litet spelprojekt bth\engine\git\walkoflife\walkoflife\GameObject.h(83): warning C4305: 'argument' : truncation from 'double' to 'float'
     1>d:\skapa\-gameprojects\litet spelprojekt bth\engine\git\walkoflife\walkoflife\CollisionObject.h(71): warning C4267: '=' : conversion from 'size_t' to 'UINT', possible loss of data
         PlayerObject.cpp
     1>d:\skapa\-gameprojects\litet spelprojekt bth\engine\git\walkoflife\walkoflife\GameObject.h(83): warning C4305: 'argument' : truncation from 'double' to 'float'
     1>d:\skapa\-gameprojects\litet spelprojekt bth\engine\git\walkoflife\walkoflife\CollisionObject.h(71): warning C4267: '=' : conversion from 'size_t' to 'UINT', possible loss of data
     1>d:\skapa\-gameprojects\litet spelprojekt bth\engine\git\walkoflife\walkoflife\PlayerObject.h(73): warning C4305: '=' : truncation from 'double' to 'float'
     1>PlayerObject.cpp(10): warning C4305: '+=' : truncation from 'double' to 'float'
     1>PlayerObject.cpp(23): warning C4305: '+=' : truncation from 'double' to 'float'
         Physics.cpp
     1>d:\skapa\-gameprojects\litet spelprojekt bth\engine\git\walkoflife\walkoflife\GameObject.h(83): warning C4305: 'argument' : truncation from 'double' to 'float'
     1>d:\skapa\-gameprojects\litet spelprojekt bth\engine\git\walkoflife\walkoflife\CollisionObject.h(71): warning C4267: '=' : conversion from 'size_t' to 'UINT', possible loss of data
     1>d:\skapa\-gameprojects\litet spelprojekt bth\engine\git\walkoflife\walkoflife\PlayerObject.h(73): warning C4305: '=' : truncation from 'double' to 'float'
     1>Physics.cpp(6): warning C4305: '=' : truncation from 'double' to 'float'
     1>Physics.cpp(20): warning C4244: '=' : conversion from 'double' to 'float', possible loss of data
     1>Physics.cpp(31): warning C4305: '=' : truncation from 'double' to 'float'
     1>Physics.cpp(37): warning C4244: '=' : conversion from 'double' to 'float', possible loss of data
     1>Physics.cpp(51): warning C4305: '=' : truncation from 'double' to 'float'
         Obj.cpp
     1>Obj.cpp(177): warning C4267: '=' : conversion from 'size_t' to 'UINT', possible loss of data
     1>Obj.cpp(185): warning C4267: '=' : conversion from 'size_t' to 'UINT', possible loss of data
     1>Obj.cpp(234): warning C4056: overflow in floating-point constant arithmetic
         Light.cpp
         Input.cpp
         C:\Program Files (x86)\Windows Kits\8.1\Include\um\dinput.h: DIRECTINPUT_VERSION undefined. Defaulting to version 0x0800
     1>d:\skapa\-gameprojects\litet spelprojekt bth\engine\git\walkoflife\walkoflife\GameObject.h(83): warning C4305: 'argument' : truncation from 'double' to 'float'
     1>d:\skapa\-gameprojects\litet spelprojekt bth\engine\git\walkoflife\walkoflife\CollisionObject.h(71): warning C4267: '=' : conversion from 'size_t' to 'UINT', possible loss of data
     1>d:\skapa\-gameprojects\litet spelprojekt bth\engine\git\walkoflife\walkoflife\PlayerObject.h(73): warning C4305: '=' : truncation from 'double' to 'float'
         GameTimer.cpp
         Collision.cpp
     1>d:\skapa\-gameprojects\litet spelprojekt bth\engine\git\walkoflife\walkoflife\GameObject.h(83): warning C4305: 'argument' : truncation from 'double' to 'float'
     1>d:\skapa\-gameprojects\litet spelprojekt bth\engine\git\walkoflife\walkoflife\CollisionObject.h(71): warning C4267: '=' : conversion from 'size_t' to 'UINT', possible loss of data
     1>d:\skapa\-gameprojects\litet spelprojekt bth\engine\git\walkoflife\walkoflife\PlayerObject.h(73): warning C4305: '=' : truncation from 'double' to 'float'
         Camera.cpp
     1>Camera.cpp(5): warning C4244: 'argument' : conversion from 'double' to 'float', possible loss of data
     1>Camera.cpp(45): warning C4244: 'argument' : conversion from 'double' to 'float', possible loss of data
         BinaryTree.cpp
         Generating Code...
     1>d:\skapa\-gameprojects\litet spelprojekt bth\engine\git\walkoflife\walkoflife\obj.cpp(233): warning C4756: overflow in constant arithmetic
     1>d:\skapa\-gameprojects\litet spelprojekt bth\engine\git\walkoflife\walkoflife\obj.cpp(233): warning C4756: overflow in constant arithmetic
     1>d:\skapa\-gameprojects\litet spelprojekt bth\engine\git\walkoflife\walkoflife\obj.cpp(233): warning C4756: overflow in constant arithmetic
     1>d:\skapa\-gameprojects\litet spelprojekt bth\engine\git\walkoflife\walkoflife\obj.cpp(234): warning C4756: overflow in constant arithmetic
     1>d:\skapa\-gameprojects\litet spelprojekt bth\engine\git\walkoflife\walkoflife\obj.cpp(234): warning C4756: overflow in constant arithmetic
     1>d:\skapa\-gameprojects\litet spelprojekt bth\engine\git\walkoflife\walkoflife\obj.cpp(234): warning C4756: overflow in constant arithmetic
     1>d:\skapa\-gameprojects\litet spelprojekt bth\engine\git\walkoflife\walkoflife\obj.cpp(233): warning C4756: overflow in constant arithmetic
     1>d:\skapa\-gameprojects\litet spelprojekt bth\engine\git\walkoflife\walkoflife\obj.cpp(234): warning C4756: overflow in constant arithmetic
       Link:
         C:\Program Files (x86)\Microsoft Visual Studio 12.0\VC\bin\x86_amd64\link.exe /ERRORREPORT:PROMPT /OUT:"D:\SKAPA\-GameProjects\Litet Spelprojekt BTH\Engine\Git\WalkOfLife\x64\Debug\WalkOfLife.exe" /INCREMENTAL /NOLOGO kernel32.lib user32.lib gdi32.lib winspool.lib comdlg32.lib advapi32.lib shell32.lib ole32.lib oleaut32.lib uuid.lib odbc32.lib odbccp32.lib /MANIFEST /MANIFESTUAC:"level='asInvoker' uiAccess='false'" /manifest:embed /DEBUG /PDB:"D:\SKAPA\-GameProjects\Litet Spelprojekt BTH\Engine\Git\WalkOfLife\x64\Debug\WalkOfLife.pdb" /TLBID:1 /DYNAMICBASE /NXCOMPAT /IMPLIB:"D:\SKAPA\-GameProjects\Litet Spelprojekt BTH\Engine\Git\WalkOfLife\x64\Debug\WalkOfLife.lib" /MACHINE:X64 x64\Debug\WalkOfLife\BinaryTree.obj
         x64\Debug\WalkOfLife\Camera.obj
         x64\Debug\WalkOfLife\Collision.obj
         x64\Debug\WalkOfLife\GameTimer.obj
         x64\Debug\WalkOfLife\Input.obj
         x64\Debug\WalkOfLife\Light.obj
         x64\Debug\WalkOfLife\Obj.obj
         x64\Debug\WalkOfLife\Physics.obj
         x64\Debug\WalkOfLife\PlayerObject.obj
         x64\Debug\WalkOfLife\Quadtree.obj
         x64\Debug\WalkOfLife\RenderEngine.obj
         x64\Debug\WalkOfLife\Counters.obj
         x64\Debug\WalkOfLife\WinMain.obj
         "D:\SKAPA\-GameProjects\Litet Spelprojekt BTH\Engine\Git\WalkOfLife\WalkOfLife\Extra DirectXLibs\Bin\Desktop_2013\x64\Debug\DirectXTK.lib"
         WalkOfLife.vcxproj -> D:\SKAPA\-GameProjects\Litet Spelprojekt BTH\Engine\Git\WalkOfLife\x64\Debug\WalkOfLife.exe
     1>Done Building Project "D:\SKAPA\-GameProjects\Litet Spelprojekt BTH\Engine\Git\WalkOfLife\WalkOfLife\WalkOfLife.vcxproj" (Build target(s)).

Build succeeded.

Time Elapsed 00:00:17.11
