g:\extra directxlibs\bin\desktop_2013\win32\debug\directxtk.lib
g:\extra directxlibs\bin\desktop_2013\win32\debug\directxtk.pch
g:\extra directxlibs\bin\desktop_2013\win32\debug\directxtk.pdb
g:\extra directxlibs\bin\desktop_2013\win32\debug\directxtk.idb
g:\extra directxlibs\bin\desktop_2013\win32\debug\pch.obj
g:\extra directxlibs\bin\desktop_2013\win32\debug\dgsleffect.obj
g:\extra directxlibs\bin\desktop_2013\win32\debug\dgsleffectfactory.obj
g:\extra directxlibs\bin\desktop_2013\win32\debug\dualtextureeffect.obj
g:\extra directxlibs\bin\desktop_2013\win32\debug\effectcommon.obj
g:\extra directxlibs\bin\desktop_2013\win32\debug\effectfactory.obj
g:\extra directxlibs\bin\desktop_2013\win32\debug\environmentmapeffect.obj
g:\extra directxlibs\bin\desktop_2013\win32\debug\gamepad.obj
g:\extra directxlibs\bin\desktop_2013\win32\debug\geometricprimitive.obj
g:\extra directxlibs\bin\desktop_2013\win32\debug\model.obj
g:\extra directxlibs\bin\desktop_2013\win32\debug\modelloadcmo.obj
g:\extra directxlibs\bin\desktop_2013\win32\debug\modelloadsdkmesh.obj
g:\extra directxlibs\bin\desktop_2013\win32\debug\modelloadvbo.obj
g:\extra directxlibs\bin\desktop_2013\win32\debug\primitivebatch.obj
g:\extra directxlibs\bin\desktop_2013\win32\debug\screengrab.obj
g:\extra directxlibs\bin\desktop_2013\win32\debug\simplemath.obj
g:\extra directxlibs\bin\desktop_2013\win32\debug\skinnedeffect.obj
g:\extra directxlibs\bin\desktop_2013\win32\debug\spritebatch.obj
g:\extra directxlibs\bin\desktop_2013\win32\debug\spritefont.obj
g:\extra directxlibs\bin\desktop_2013\win32\debug\vertextypes.obj
g:\extra directxlibs\bin\desktop_2013\win32\debug\wictextureloader.obj
g:\extra directxlibs\bin\desktop_2013\win32\debug\alphatesteffect.obj
g:\extra directxlibs\bin\desktop_2013\win32\debug\basiceffect.obj
g:\extra directxlibs\bin\desktop_2013\win32\debug\binaryreader.obj
g:\extra directxlibs\bin\desktop_2013\win32\debug\commonstates.obj
g:\extra directxlibs\bin\desktop_2013\win32\debug\ddstextureloader.obj
g:\extra directxlibs\bin\desktop_2013\win32\debug\directxt.e0b52ae7.tlog\cl.command.1.tlog
g:\extra directxlibs\bin\desktop_2013\win32\debug\directxt.e0b52ae7.tlog\lib.command.1.tlog
g:\extra directxlibs\bin\desktop_2013\win32\debug\directxt.e0b52ae7.tlog\cl.read.1.tlog
g:\extra directxlibs\bin\desktop_2013\win32\debug\directxt.e0b52ae7.tlog\lib-link.read.1.tlog
g:\extra directxlibs\bin\desktop_2013\win32\debug\directxt.e0b52ae7.tlog\lib-link.write.1.tlog
g:\extra directxlibs\bin\desktop_2013\win32\debug\directxt.e0b52ae7.tlog\cl.write.1.tlog
