c:\users\joel\desktop\walkoflife\walkoflife\extra directxlibs\bin\desktop_2013\x64\debug\directxtk.pch
c:\users\joel\desktop\walkoflife\walkoflife\extra directxlibs\bin\desktop_2013\x64\debug\directxtk.pdb
c:\users\joel\desktop\walkoflife\walkoflife\extra directxlibs\bin\desktop_2013\x64\debug\directxtk.idb
c:\users\joel\desktop\walkoflife\walkoflife\extra directxlibs\bin\desktop_2013\x64\debug\pch.obj
c:\users\joel\desktop\walkoflife\walkoflife\extra directxlibs\bin\desktop_2013\x64\debug\dgsleffectfactory.obj
c:\users\joel\desktop\walkoflife\walkoflife\extra directxlibs\bin\desktop_2013\x64\debug\dualtextureeffect.obj
c:\users\joel\desktop\walkoflife\walkoflife\extra directxlibs\bin\desktop_2013\x64\debug\binaryreader.obj
c:\users\joel\desktop\walkoflife\walkoflife\extra directxlibs\bin\desktop_2013\x64\debug\effectcommon.obj
c:\users\joel\desktop\walkoflife\walkoflife\extra directxlibs\bin\desktop_2013\x64\debug\effectfactory.obj
c:\users\joel\desktop\walkoflife\walkoflife\extra directxlibs\bin\desktop_2013\x64\debug\environmentmapeffect.obj
c:\users\joel\desktop\walkoflife\walkoflife\extra directxlibs\bin\desktop_2013\x64\debug\gamepad.obj
c:\users\joel\desktop\walkoflife\walkoflife\extra directxlibs\bin\desktop_2013\x64\debug\geometricprimitive.obj
c:\users\joel\desktop\walkoflife\walkoflife\extra directxlibs\bin\desktop_2013\x64\debug\model.obj
c:\users\joel\desktop\walkoflife\walkoflife\extra directxlibs\bin\desktop_2013\x64\debug\modelloadcmo.obj
c:\users\joel\desktop\walkoflife\walkoflife\extra directxlibs\bin\desktop_2013\x64\debug\modelloadsdkmesh.obj
c:\users\joel\desktop\walkoflife\walkoflife\extra directxlibs\bin\desktop_2013\x64\debug\modelloadvbo.obj
c:\users\joel\desktop\walkoflife\walkoflife\extra directxlibs\bin\desktop_2013\x64\debug\screengrab.obj
c:\users\joel\desktop\walkoflife\walkoflife\extra directxlibs\bin\desktop_2013\x64\debug\simplemath.obj
c:\users\joel\desktop\walkoflife\walkoflife\extra directxlibs\bin\desktop_2013\x64\debug\skinnedeffect.obj
c:\users\joel\desktop\walkoflife\walkoflife\extra directxlibs\bin\desktop_2013\x64\debug\spritebatch.obj
c:\users\joel\desktop\walkoflife\walkoflife\extra directxlibs\bin\desktop_2013\x64\debug\primitivebatch.obj
c:\users\joel\desktop\walkoflife\walkoflife\extra directxlibs\bin\desktop_2013\x64\debug\spritefont.obj
c:\users\joel\desktop\walkoflife\walkoflife\extra directxlibs\bin\desktop_2013\x64\debug\vertextypes.obj
c:\users\joel\desktop\walkoflife\walkoflife\extra directxlibs\bin\desktop_2013\x64\debug\wictextureloader.obj
c:\users\joel\desktop\walkoflife\walkoflife\extra directxlibs\bin\desktop_2013\x64\debug\alphatesteffect.obj
c:\users\joel\desktop\walkoflife\walkoflife\extra directxlibs\bin\desktop_2013\x64\debug\basiceffect.obj
c:\users\joel\desktop\walkoflife\walkoflife\extra directxlibs\bin\desktop_2013\x64\debug\commonstates.obj
c:\users\joel\desktop\walkoflife\walkoflife\extra directxlibs\bin\desktop_2013\x64\debug\ddstextureloader.obj
c:\users\joel\desktop\walkoflife\walkoflife\extra directxlibs\bin\desktop_2013\x64\debug\dgsleffect.obj
c:\users\joel\desktop\walkoflife\walkoflife\extra directxlibs\bin\desktop_2013\x64\debug\directxtk.lib
c:\users\joel\desktop\walkoflife\walkoflife\extra directxlibs\bin\desktop_2013\x64\debug\directxt.e0b52ae7.tlog\cl.command.1.tlog
c:\users\joel\desktop\walkoflife\walkoflife\extra directxlibs\bin\desktop_2013\x64\debug\directxt.e0b52ae7.tlog\cl.read.1.tlog
c:\users\joel\desktop\walkoflife\walkoflife\extra directxlibs\bin\desktop_2013\x64\debug\directxt.e0b52ae7.tlog\cl.write.1.tlog
c:\users\joel\desktop\walkoflife\walkoflife\extra directxlibs\bin\desktop_2013\x64\debug\directxt.e0b52ae7.tlog\lib-link.write.1.tlog
c:\users\joel\desktop\walkoflife\walkoflife\extra directxlibs\bin\desktop_2013\x64\debug\directxt.e0b52ae7.tlog\lib.command.1.tlog
c:\users\joel\desktop\walkoflife\walkoflife\extra directxlibs\bin\desktop_2013\x64\debug\directxt.e0b52ae7.tlog\lib.read.1.tlog
